<?xml version="1.0" encoding="UTF-8"?>
<!-- Generated by org.testng.reporters.JUnitXMLReporter -->
<testsuite ignored="0" hostname="DESKTOP-38D239J" failures="0" tests="3" name="Test" time="63.538" errors="0" timestamp="2022-04-01T23:42:21 IST">
  <testcase classname="Academy.ValidateTitle" name="basePageNavigation" time="0.265"/>
  <testcase classname="Academy.ValidateBar" name="basePageNavigation" time="0.284"/>
  <testcase classname="Academy.HomePage" name="basePageNavigation" time="1.794"/>
</testsuite> <!-- Test -->
